600 52 71880 0.4 330 139
0 1
1 1
2 2
3 3
4 1
5 2
6 2
7 3
8 3
9 4
10 4
11 2
12 5
13 1
14 3
15 4
16 1
17 5
18 5
19 6
20 7
21 6
22 6
23 1
24 3
25 7
26 6
27 8
28 9
29 8
30 2
31 8
32 9
33 10
34 9
35 10
36 4
37 8
38 3
39 4
40 3
41 11
42 6
43 11
44 5
45 1
46 12
47 11
48 5
49 12
50 7
51 13
52 14
53 12
54 14
55 8
56 5
57 9
58 7
59 11
60 10
61 10
62 6
63 13
64 11
65 13
66 14
67 10
68 15
69 9
70 15
71 15
72 16
73 12
74 16
75 17
76 15
77 2
78 17
79 17
80 12
81 18
82 16
83 17
84 15
85 14
86 19
87 18
88 16
89 13
90 4
91 20
92 7
93 16
94 19
95 19
96 17
97 19
98 20
99 18
100 10
101 21
102 8
103 21
104 18
105 22
106 20
107 22
108 9
109 21
110 14
111 23
112 16
113 24
114 4
115 24
116 23
117 24
118 25
119 21
120 11
121 25
122 26
123 20
124 25
125 22
126 27
127 17
128 23
129 15
130 26
131 14
132 28
133 12
134 7
135 8
136 11
137 6
138 22
139 26
140 29
141 27
142 28
143 19
144 21
145 28
146 13
147 28
148 27
149 27
150 21
151 23
152 2
153 26
154 29
155 18
156 23
157 13
158 19
159 27
160 30
161 24
162 31
163 29
164 29
165 32
166 31
167 25
168 19
169 33
170 25
171 30
172 20
173 29
174 30
175 24
176 24
177 31
178 9
179 26
180 22
181 1
182 33
183 33
184 2
185 14
186 30
187 34
188 32
189 34
190 24
191 17
192 28
193 23
194 33
195 35
196 15
197 32
198 18
199 30
200 10
201 36
202 33
203 36
204 37
205 38
206 35
207 22
208 36
209 35
210 37
211 12
212 27
213 32
214 22
215 7
216 37
217 31
218 33
219 39
220 38
221 31
222 34
223 6
224 31
225 37
226 38
227 34
228 23
229 31
230 40
231 40
232 4
233 39
234 34
235 30
236 35
237 36
238 29
239 38
240 41
241 37
242 9
243 39
244 24
245 25
246 41
247 41
248 40
249 16
250 21
251 42
252 37
253 42
254 29
255 30
256 43
257 43
258 44
259 43
260 10
261 44
262 45
263 13
264 46
265 24
266 25
267 38
268 41
269 45
270 46
271 39
272 47
273 40
274 42
275 4
276 39
277 33
278 42
279 20
280 44
281 40
282 47
283 45
284 47
285 8
286 36
287 48
288 35
289 35
290 18
291 49
292 47
293 49
294 32
295 20
296 37
297 45
298 31
299 48
300 17
301 38
302 32
303 50
304 49
305 10
306 25
307 43
308 27
309 19
310 50
311 46
312 14
313 41
314 44
315 7
316 44
317 41
318 47
319 51
320 48
321 43
322 48
323 49
324 49
325 40
326 38
327 36
328 48
329 47
330 46
331 26
332 52
333 51
334 28
335 6
336 50
337 42
338 49
339 51
340 49
341 51
342 47
343 51
344 51
345 51
346 28
347 52
348 32
349 50
350 43
351 51
352 51
353 16
354 50
355 28
356 51
357 49
358 43
359 15
360 50
361 42
362 43
363 43
364 51
365 39
366 52
367 49
368 49
369 45
370 52
371 32
372 11
373 52
374 44
375 42
376 50
377 51
378 52
379 22
380 35
381 52
382 44
383 37
384 52
385 50
386 52
387 52
388 42
389 34
390 51
391 50
392 51
393 51
394 15
395 50
396 33
397 50
398 26
399 9
400 40
401 52
402 50
403 45
404 51
405 45
406 52
407 49
408 32
409 52
410 52
411 8
412 27
413 35
414 50
415 52
416 51
417 34
418 52
419 43
420 51
421 51
422 44
423 23
424 41
425 52
426 52
427 50
428 48
429 51
430 42
431 14
432 45
433 42
434 50
435 51
436 45
437 52
438 42
439 52
440 50
441 42
442 1
443 51
444 52
445 36
446 51
447 51
448 52
449 51
450 9
451 22
452 46
453 38
454 50
455 22
456 37
457 20
458 42
459 52
460 30
461 40
462 14
463 52
464 50
465 50
466 33
467 45
468 50
469 15
470 32
471 45
472 51
473 43
474 52
475 34
476 29
477 52
478 51
479 5
480 52
481 1
482 35
483 52
484 19
485 52
486 52
487 45
488 30
489 43
490 44
491 52
492 45
493 51
494 51
495 52
496 49
497 49
498 42
499 51
500 52
501 52
502 46
503 50
504 43
505 28
506 44
507 26
508 52
509 28
510 51
511 49
512 51
513 34
514 29
515 43
516 21
517 34
518 52
519 52
520 28
521 22
522 52
523 52
524 51
525 46
526 45
527 34
528 39
529 52
530 7
531 10
532 52
533 50
534 39
535 45
536 52
537 52
538 50
539 34
540 26
541 52
542 46
543 14
544 39
545 51
546 46
547 34
548 3
549 51
550 28
551 13
552 20
553 46
554 13
555 50
556 30
557 52
558 52
559 16
560 28
561 52
562 51
563 42
564 52
565 34
566 41
567 44
568 52
569 51
570 52
571 50
572 43
573 52
574 51
575 52
576 52
577 35
578 22
579 30
580 23
581 39
582 50
583 44
584 46
585 52
586 50
587 45
588 48
589 50
590 39
591 50
592 52
593 11
594 48
595 32
596 50
597 51
598 50
599 36
