600 52 71880 0.4 330 139
0 1
1 2
2 1
3 3
4 3
5 4
6 5
7 5
8 2
9 6
10 1
11 6
12 7
13 4
14 7
15 8
16 9
17 6
18 10
19 10
20 4
21 5
22 2
23 2
24 7
25 3
26 6
27 9
28 8
29 7
30 9
31 3
32 10
33 11
34 4
35 8
36 4
37 7
38 5
39 11
40 9
41 6
42 7
43 11
44 12
45 13
46 7
47 12
48 12
49 11
50 14
51 13
52 8
53 14
54 5
55 15
56 15
57 10
58 3
59 12
60 16
61 11
62 17
63 18
64 15
65 16
66 17
67 3
68 19
69 14
70 16
71 1
72 13
73 18
74 15
75 18
76 15
77 20
78 20
79 14
80 9
81 17
82 8
83 19
84 20
85 1
86 6
87 11
88 21
89 5
90 2
91 17
92 10
93 13
94 19
95 14
96 20
97 21
98 12
99 12
100 22
101 4
102 21
103 19
104 21
105 22
106 23
107 24
108 25
109 23
110 26
111 24
112 22
113 23
114 27
115 19
116 4
117 27
118 24
119 1
120 25
121 16
122 26
123 23
124 23
125 28
126 24
127 8
128 20
129 17
130 10
131 21
132 23
133 23
134 27
135 29
136 28
137 24
138 26
139 28
140 25
141 27
142 30
143 31
144 29
145 30
146 16
147 30
148 31
149 20
150 29
151 32
152 31
153 25
154 27
155 17
156 22
157 18
158 18
159 33
160 27
161 33
162 34
163 26
164 32
165 34
166 21
167 31
168 32
169 35
170 33
171 35
172 30
173 28
174 2
175 36
176 9
177 1
178 34
179 31
180 24
181 10
182 35
183 36
184 35
185 29
186 14
187 13
188 3
189 25
190 28
191 31
192 37
193 21
194 32
195 38
196 30
197 9
198 38
199 35
200 34
201 37
202 17
203 34
204 6
205 35
206 39
207 38
208 37
209 39
210 18
211 36
212 15
213 28
214 40
215 29
216 8
217 32
218 39
219 22
220 15
221 41
222 40
223 26
224 41
225 42
226 24
227 37
228 38
229 40
230 3
231 13
232 29
233 42
234 31
235 34
236 42
237 27
238 13
239 43
240 40
241 22
242 44
243 36
244 5
245 33
246 18
247 39
248 26
249 15
250 43
251 5
252 33
253 33
254 43
255 16
256 45
257 19
258 28
259 2
260 45
261 25
262 44
263 6
264 16
265 44
266 41
267 46
268 41
269 20
270 27
271 22
272 11
273 36
274 45
275 44
276 46
277 8
278 47
279 35
280 43
281 18
282 43
283 12
284 9
285 36
286 47
287 19
288 31
289 25
290 8
291 32
292 18
293 41
294 48
295 17
296 46
297 40
298 46
299 34
300 48
301 29
302 36
303 1
304 46
305 44
306 38
307 21
308 41
309 47
310 42
311 49
312 49
313 47
314 42
315 45
316 30
317 47
318 50
319 51
320 50
321 48
322 51
323 42
324 50
325 50
326 43
327 37
328 42
329 10
330 47
331 49
332 52
333 51
334 52
335 52
336 26
337 48
338 48
339 46
340 52
341 2
342 51
343 52
344 50
345 50
346 36
347 52
348 50
349 37
350 48
351 51
352 52
353 51
354 49
355 44
356 3
357 33
358 41
359 52
360 51
361 48
362 46
363 30
364 51
365 51
366 50
367 45
368 38
369 49
370 52
371 41
372 52
373 19
374 46
375 22
376 38
377 49
378 52
379 51
380 51
381 48
382 37
383 52
384 52
385 51
386 47
387 39
388 52
389 14
390 38
391 37
392 52
393 52
394 51
395 28
396 45
397 52
398 52
399 52
400 12
401 50
402 15
403 49
404 49
405 13
406 48
407 49
408 14
409 47
410 52
411 51
412 50
413 52
414 51
415 41
416 51
417 32
418 37
419 45
420 29
421 40
422 49
423 51
424 50
425 52
426 12
427 45
428 48
429 48
430 38
431 30
432 39
433 45
434 52
435 30
436 48
437 39
438 30
439 45
440 52
441 48
442 52
443 39
444 52
445 30
446 48
447 14
448 33
449 51
450 39
451 51
452 26
453 44
454 50
455 30
456 52
457 51
458 39
459 32
460 37
461 27
462 42
463 35
464 40
465 49
466 37
467 39
468 52
469 52
470 39
471 48
472 32
473 52
474 52
475 52
476 48
477 48
478 38
479 52
480 52
481 23
482 42
483 52
484 27
485 51
486 21
487 29
488 14
489 52
490 10
491 50
492 20
493 17
494 22
495 52
496 52
497 50
498 43
499 38
500 52
501 46
502 3
503 38
504 46
505 46
506 45
507 45
508 48
509 52
510 8
511 52
512 38
513 51
514 16
515 52
516 51
517 43
518 52
519 3
520 14
521 32
522 49
523 52
524 51
525 50
526 52
527 39
528 49
529 52
530 40
531 52
532 52
533 24
534 49
535 52
536 45
537 29
538 39
539 45
540 30
541 45
542 37
543 48
544 39
545 38
546 38
547 22
548 37
549 43
550 36
551 51
552 51
553 49
554 52
555 42
556 52
557 24
558 39
559 52
560 38
561 50
562 29
563 39
564 52
565 30
566 51
567 51
568 33
569 44
570 52
571 22
572 4
573 41
574 21
575 49
576 52
577 45
578 16
579 39
580 52
581 43
582 51
583 24
584 52
585 45
586 52
587 37
588 44
589 11
590 46
591 48
592 37
593 39
594 38
595 18
596 48
597 39
598 44
599 2
