600 219 161730 0.9 575 511
492 1
556 2
206 3
473 4
478 1
179 3
471 5
538 6
491 7
570 2
435 5
530 2
564 6
569 4
203 8
361 9
408 1
306 8
210 10
180 8
272 7
549 11
525 12
228 10
176 13
424 14
311 12
572 14
544 15
430 9
393 11
358 16
475 17
487 15
154 18
149 13
160 17
474 19
181 20
371 12
198 21
229 22
264 21
205 16
486 23
485 16
276 24
459 24
437 5
165 6
135 4
273 20
531 11
294 25
382 9
175 18
348 23
476 26
252 26
460 20
188 19
309 17
207 6
214 8
224 22
327 7
345 25
266 4
587 13
187 27
269 28
376 29
290 30
407 4
497 31
477 11
560 32
357 33
480 30
534 28
483 31
443 27
598 29
244 33
237 26
220 14
508 34
296 35
596 36
172 34
581 29
243 35
259 37
436 37
310 38
412 27
574 18
170 24
144 33
516 35
304 34
550 36
141 13
359 38
239 39
137 40
155 41
388 10
447 42
300 43
333 39
201 36
467 41
522 44
208 3
463 45
178 23
494 46
347 47
577 40
308 48
313 44
183 49
145 44
218 43
140 46
330 21
512 50
339 47
295 51
163 28
573 42
356 37
498 40
240 15
185 52
493 30
585 32
422 50
277 24
378 45
441 52
319 53
184 39
397 43
279 49
401 54
349 55
399 51
481 55
221 56
464 12
325 32
225 53
223 57
233 56
496 58
440 35
314 59
260 48
547 50
546 54
271 48
565 60
147 47
366 55
139 25
236 32
418 34
322 61
431 62
429 40
249 19
583 62
554 49
389 58
166 63
230 64
321 22
505 20
465 60
513 65
171 37
326 54
405 59
584 66
590 67
336 65
305 64
373 36
504 51
312 66
282 57
315 21
298 68
287 7
416 49
417 62
242 69
545 70
360 71
383 60
340 45
438 68
372 69
400 72
542 59
219 46
468 67
159 73
526 61
231 38
232 74
256 63
138 75
226 28
227 76
197 31
191 74
235 75
284 57
446 52
202 72
190 41
307 42
177 77
344 77
291 71
278 53
594 78
578 79
324 76
323 52
535 73
444 80
536 73
303 78
411 61
503 75
286 79
507 80
280 81
461 70
559 82
174 83
265 84
186 58
335 85
341 85
567 86
148 68
151 81
158 84
563 65
301 81
297 69
131 87
524 23
133 88
369 18
370 87
379 89
432 77
451 83
506 90
523 90
402 64
146 56
331 82
211 91
329 80
316 88
209 92
255 93
332 94
500 86
299 79
484 95
540 91
537 59
571 87
595 89
517 93
365 96
375 92
353 97
320 98
350 84
394 99
454 99
457 100
423 100
396 83
415 94
257 101
261 95
262 102
238 103
241 82
193 104
328 96
342 97
548 71
450 47
426 104
410 16
189 86
413 105
354 78
555 105
216 106
195 107
490 98
212 66
462 63
543 27
409 105
588 106
488 108
582 109
528 110
367 111
489 109
194 112
213 112
576 107
364 112
302 102
384 71
575 101
289 113
381 114
456 108
414 38
164 115
268 90
387 115
156 111
173 95
157 67
380 97
132 110
161 114
169 103
398 116
162 88
346 117
250 118
449 98
518 114
248 113
519 72
442 119
293 120
482 51
533 121
222 122
562 117
558 119
566 123
337 113
204 116
403 103
445 124
597 120
420 125
374 121
561 69
448 126
455 127
589 127
592 70
153 124
283 128
270 118
338 126
318 101
143 116
142 123
391 99
355 106
167 122
453 104
568 129
521 130
579 94
515 91
501 129
539 131
368 128
199 92
495 131
134 128
234 132
552 76
470 133
419 134
551 135
351 136
557 118
541 137
593 138
377 125
292 132
251 137
425 131
352 135
245 117
253 139
274 140
434 72
452 138
428 119
136 141
514 130
192 142
182 143
509 144
499 140
458 145
510 133
406 146
334 26
200 110
469 122
258 147
246 134
439 144
275 148
343 85
247 142
196 125
285 136
150 143
288 115
532 139
502 107
527 133
395 145
215 149
63 150
385 151
472 62
511 138
520 150
386 148
392 146
586 152
168 153
152 100
599 154
580 147
254 154
217 142
362 134
390 155
263 54
466 156
317 157
363 10
553 151
421 153
479 96
53 158
427 159
281 127
103 158
404 152
267 149
591 160
102 161
111 162
1 121
433 163
529 156
38 158
27 162
33 141
64 124
120 164
73 165
90 166
89 167
65 150
58 155
83 165
127 168
62 168
68 169
72 170
23 169
115 164
57 171
36 172
4 173
45 161
44 167
50 120
61 160
91 82
76 172
130 174
97 175
37 170
84 166
121 176
41 177
94 130
17 176
119 171
31 178
107 173
77 177
59 179
70 180
75 157
116 181
82 179
100 182
69 183
14 184
117 185
2 152
5 174
6 183
122 139
35 186
3 187
54 188
56 175
86 189
80 190
85 174
71 190
15 182
52 191
104 180
26 192
20 186
46 178
47 193
22 194
10 195
113 184
67 189
92 188
74 191
51 195
109 185
34 187
30 196
12 197
110 198
81 163
19 199
114 200
24 198
128 201
32 135
42 202
129 193
55 203
124 202
60 200
95 200
87 204
0 149
28 205
79 194
13 144
43 159
106 206
126 207
93 181
18 201
78 205
29 208
9 209
8 210
108 211
21 212
99 213
112 140
96 214
125 212
101 215
25 189
49 180
98 214
118 216
11 217
39 218
105 185
88 199
48 196
40 192
7 176
123 219
66 204
16 219
