600 57 71880 0.4 330 139
0 1
1 1
2 1
3 1
4 1
5 1
6 1
7 1
8 1
9 1
10 1
11 1
12 1
13 1
14 1
15 1
16 1
17 1
18 1
19 1
20 1
21 1
22 1
23 1
24 1
25 1
26 1
27 1
28 1
29 1
30 1
31 1
32 1
33 1
34 1
35 1
36 1
37 1
38 1
39 1
40 1
41 1
42 1
43 1
44 1
45 1
46 1
47 1
48 1
49 1
50 1
51 1
52 1
53 1
54 1
55 1
56 1
57 1
58 1
59 1
60 1
61 1
62 1
63 1
64 1
65 1
66 1
67 1
68 1
69 1
70 1
71 1
72 1
73 1
74 1
75 1
76 1
77 1
78 1
79 1
80 1
81 1
82 1
83 1
84 1
85 1
86 1
87 1
88 1
89 1
90 1
91 1
92 1
93 1
94 1
95 1
96 1
97 1
98 1
99 1
100 1
101 1
102 1
103 1
104 1
105 1
106 1
107 1
108 1
109 1
110 1
111 1
112 1
113 1
114 1
115 1
116 1
117 1
118 1
119 1
120 1
121 1
122 1
123 1
124 1
125 1
126 1
127 1
128 1
129 1
130 1
131 1
132 1
133 1
134 1
135 1
136 1
137 1
138 1
139 1
140 1
141 1
142 1
143 1
144 1
145 1
146 1
147 1
148 1
149 1
150 1
151 1
152 1
153 1
154 1
155 1
156 1
157 1
158 1
159 1
160 1
161 1
162 1
163 1
164 1
165 1
166 1
167 1
168 1
169 1
170 1
171 1
172 1
173 1
174 1
175 1
176 1
177 1
178 1
179 1
180 1
181 1
182 1
183 1
184 1
185 1
186 1
187 1
188 1
189 1
190 1
191 1
192 1
193 1
194 1
195 1
196 1
197 1
198 1
199 1
200 1
201 1
202 1
203 1
204 1
205 1
206 1
207 1
208 1
209 1
210 1
211 1
212 1
213 1
214 1
215 1
216 1
217 1
218 1
219 1
220 1
221 1
222 1
223 1
224 1
225 1
226 1
227 1
228 1
229 1
230 1
231 1
232 1
233 1
234 1
235 1
236 1
237 1
238 1
239 1
240 1
241 1
242 1
243 1
244 1
245 1
246 1
247 1
248 1
249 1
250 1
251 1
252 1
253 1
254 1
255 1
256 1
257 1
258 1
259 1
260 1
261 1
262 1
263 1
264 1
265 1
266 1
267 1
268 2
269 2
270 2
271 3
272 4
273 2
274 3
275 5
276 3
277 3
278 5
279 4
280 4
281 5
282 3
283 5
284 5
285 6
286 6
287 2
288 6
289 6
290 4
291 7
292 8
293 7
294 7
295 9
296 9
297 8
298 10
299 10
300 7
301 9
302 11
303 8
304 11
305 6
306 4
307 3
308 4
309 2
310 7
311 9
312 4
313 8
314 12
315 12
316 8
317 10
318 7
319 11
320 5
321 10
322 13
323 13
324 12
325 12
326 14
327 14
328 15
329 12
330 9
331 14
332 11
333 13
334 16
335 13
336 17
337 11
338 10
339 17
340 13
341 11
342 15
343 18
344 16
345 16
346 10
347 17
348 16
349 10
350 18
351 11
352 18
353 6
354 15
355 19
356 12
357 20
358 17
359 19
360 21
361 3
362 21
363 14
364 20
365 4
366 2
367 16
368 19
369 22
370 22
371 16
372 13
373 21
374 20
375 6
376 22
377 23
378 18
379 23
380 15
381 13
382 17
383 15
384 23
385 24
386 21
387 19
388 22
389 17
390 24
391 25
392 19
393 25
394 21
395 25
396 26
397 26
398 22
399 27
400 9
401 14
402 24
403 20
404 2
405 3
406 26
407 24
408 27
409 28
410 20
411 8
412 21
413 10
414 25
415 8
416 26
417 29
418 22
419 14
420 27
421 30
422 28
423 29
424 8
425 27
426 19
427 30
428 5
429 25
430 7
431 31
432 27
433 16
434 6
435 32
436 28
437 25
438 18
439 31
440 29
441 33
442 29
443 8
444 17
445 19
446 30
447 25
448 30
449 23
450 32
451 30
452 22
453 32
454 33
455 20
456 7
457 33
458 31
459 27
460 27
461 15
462 29
463 24
464 34
465 31
466 32
467 34
468 35
469 36
470 28
471 32
472 36
473 16
474 26
475 34
476 32
477 34
478 36
479 20
480 28
481 23
482 37
483 25
484 14
485 35
486 12
487 34
488 38
489 33
490 36
491 20
492 38
493 36
494 35
495 31
496 39
497 40
498 34
499 37
500 40
501 35
502 31
503 37
504 39
505 28
506 39
507 38
508 41
509 15
510 42
511 33
512 37
513 41
514 32
515 40
516 42
517 14
518 43
519 44
520 43
521 44
522 42
523 26
524 38
525 45
526 46
527 12
528 17
529 21
530 40
531 47
532 35
533 38
534 19
535 44
536 48
537 18
538 12
539 42
540 45
541 46
542 47
543 18
544 43
545 48
546 9
547 33
548 43
549 45
550 33
551 15
552 48
553 37
554 49
555 11
556 46
557 39
558 49
559 48
560 46
561 48
562 49
563 41
564 50
565 43
566 51
567 39
568 47
569 44
570 45
571 41
572 47
573 41
574 50
575 51
576 9
577 50
578 52
579 30
580 45
581 24
582 53
583 39
584 53
585 51
586 52
587 37
588 54
589 25
590 54
591 53
592 55
593 36
594 42
595 56
596 57
597 52
598 15
599 49
