600 195 161730 0.9 575 511
16 1
66 2
123 1
7 3
48 4
88 5
40 6
118 7
11 8
39 9
105 3
98 10
49 11
101 12
25 13
125 9
8 14
96 10
112 6
108 11
99 15
21 13
78 16
29 17
9 18
93 8
43 19
126 20
18 21
79 22
13 23
106 24
124 25
55 6
95 26
129 25
0 27
60 5
28 16
87 2
42 7
128 14
114 26
24 23
19 22
81 21
110 8
32 17
67 18
92 28
74 4
51 29
113 30
30 31
10 24
12 32
22 12
34 33
109 15
52 34
47 20
15 27
20 35
26 36
104 37
46 29
71 19
122 37
86 38
85 2
80 39
56 40
54 28
6 36
5 41
2 42
3 33
35 35
100 40
117 43
14 30
69 44
31 45
116 46
75 47
107 48
70 48
59 49
82 21
77 34
119 42
84 50
41 51
121 52
94 53
17 43
37 38
97 54
130 39
115 32
23 41
4 55
36 26
76 56
50 49
57 57
61 58
91 46
44 44
45 51
127 59
62 54
68 47
72 40
58 39
83 60
65 53
73 60
120 58
64 61
27 62
33 62
38 45
89 63
90 43
529 55
433 64
591 65
267 66
1 7
102 67
111 61
103 68
404 67
281 69
53 56
427 68
263 70
466 71
479 31
553 62
421 65
363 66
317 70
580 72
254 73
362 57
390 74
217 75
520 27
392 59
511 72
168 76
472 70
386 69
586 52
152 18
599 73
527 77
150 78
288 77
385 79
532 80
215 81
502 79
395 64
63 48
246 82
285 69
439 57
275 83
258 84
196 83
247 75
469 74
343 80
514 53
274 65
192 75
136 85
452 85
499 78
510 82
200 86
458 14
406 58
509 67
334 87
182 50
434 88
428 76
541 81
251 89
425 84
470 77
351 59
551 76
352 88
552 90
419 90
292 91
593 71
557 63
253 89
245 92
377 85
453 86
234 84
167 91
368 93
521 87
539 11
355 94
142 94
134 93
568 95
579 79
515 96
199 97
501 95
391 81
495 98
338 99
143 100
448 99
445 96
318 101
597 102
592 24
403 101
589 97
270 92
455 61
374 103
561 104
420 25
283 93
153 63
380 105
293 102
248 106
346 107
398 100
337 12
250 92
533 103
173 106
169 56
204 83
518 108
519 109
162 104
157 110
566 108
132 68
161 60
558 109
562 107
449 5
442 111
222 112
482 98
414 111
164 107
364 110
456 113
387 114
384 102
381 113
213 106
289 49
302 114
268 115
156 112
576 116
575 117
548 118
426 1
582 119
588 120
462 121
342 105
354 119
367 118
328 117
555 57
450 122
194 111
212 91
409 73
488 123
490 95
195 116
489 119
189 22
410 124
413 115
543 88
216 20
528 17
571 87
350 125
484 120
320 122
595 96
500 74
375 121
454 126
517 124
540 127
537 72
457 71
396 55
415 128
353 45
365 109
423 129
394 50
257 44
241 130
261 129
193 126
262 54
238 125
299 131
146 132
369 127
402 114
209 97
379 130
316 104
523 87
370 123
506 133
524 134
211 132
297 135
255 134
133 136
432 131
451 29
329 105
332 95
131 51
331 137
301 120
174 138
536 135
535 110
411 63
265 139
444 86
461 133
503 128
280 16
286 132
507 113
186 138
303 140
148 111
559 126
323 130
324 141
158 139
151 126
335 137
563 115
567 42
341 71
344 90
284 116
256 121
219 82
197 112
202 135
400 108
138 142
190 143
278 144
578 140
191 145
594 144
226 141
227 146
159 103
542 140
235 137
446 78
231 136
232 145
177 147
307 148
468 124
526 149
372 32
291 150
315 151
312 152
336 146
417 147
416 142
438 127
590 137
242 143
545 64
360 150
383 19
282 153
298 99
373 154
305 101
287 131
504 153
340 149
326 46
429 146
431 155
171 80
166 148
236 115
321 134
230 101
554 156
322 144
465 98
418 122
505 151
513 106
389 151
584 152
249 52
583 30
405 128
546 147
547 125
496 157
233 15
139 157
223 138
565 158
464 155
184 159
147 139
481 160
225 161
221 15
366 160
279 140
349 160
260 158
399 123
401 118
271 59
397 148
319 154
440 162
325 152
314 35
330 117
493 156
183 142
512 94
295 162
185 112
218 163
356 62
163 163
277 121
585 164
313 164
145 141
140 123
498 165
240 34
573 166
422 167
308 168
339 166
378 145
441 136
201 86
137 146
516 169
522 157
388 33
574 66
347 56
155 158
577 165
141 170
144 167
310 171
550 172
300 114
178 158
359 168
333 159
304 9
170 164
494 28
467 159
447 3
463 170
239 169
208 135
412 38
220 172
560 173
243 174
483 153
237 174
296 161
480 150
172 168
357 167
436 89
581 171
534 165
259 175
598 171
508 176
596 92
443 37
244 154
187 177
376 176
269 50
587 175
497 178
266 152
477 173
407 177
290 101
476 143
175 178
214 179
224 180
382 181
309 179
188 182
327 181
348 183
460 184
207 133
252 31
345 79
165 184
459 183
486 149
294 180
485 185
531 23
437 182
276 163
205 185
135 179
273 151
181 162
198 186
264 153
229 100
371 104
474 169
154 187
544 188
430 181
149 189
475 190
487 170
160 177
393 154
358 173
228 10
311 54
176 175
549 191
272 186
525 187
424 192
572 129
180 191
210 136
306 161
530 192
564 160
203 156
569 193
408 194
361 194
435 168
491 131
570 160
538 155
471 23
478 175
179 191
206 130
473 182
556 195
492 194
