600 205 161730 0.9 575 511
0 1
1 2
2 3
3 1
4 4
5 5
6 6
7 7
8 2
9 8
10 5
11 9
12 10
13 6
14 11
15 3
16 12
17 7
18 13
19 14
20 15
21 16
22 17
23 18
24 19
25 16
26 20
27 13
28 15
29 21
30 22
31 23
32 4
33 17
34 24
35 25
36 26
37 27
38 23
39 28
40 8
41 27
42 29
43 30
44 12
45 18
46 31
47 28
48 11
49 32
50 33
51 25
52 19
53 34
54 32
55 35
56 30
57 36
58 37
59 9
60 38
61 39
62 38
63 40
64 26
65 10
66 41
67 39
68 21
69 41
70 35
71 34
72 42
73 43
74 44
75 40
76 1
77 45
78 46
79 14
80 31
81 47
82 43
83 24
84 29
85 48
86 37
87 48
88 26
89 49
90 50
91 51
92 52
93 22
94 53
95 33
96 54
97 55
98 54
99 42
100 56
101 57
102 45
103 20
104 58
105 59
106 55
107 51
108 36
109 59
110 44
111 60
112 61
113 62
114 47
115 18
116 63
117 49
118 58
119 64
120 65
121 7
122 66
123 65
124 67
125 60
126 3
127 25
128 56
129 67
130 64
131 27
132 46
133 68
134 69
135 68
136 61
137 52
138 70
139 60
140 71
141 61
142 63
143 72
144 73
145 66
146 73
147 66
148 74
149 75
150 76
151 75
152 39
153 77
154 70
155 24
156 77
157 78
158 69
159 79
160 68
161 80
162 81
163 57
164 34
165 75
166 76
167 70
168 50
169 82
170 53
171 78
172 83
173 84
174 72
175 17
176 80
177 71
178 74
179 57
180 82
181 85
182 86
183 83
184 86
185 87
186 88
187 82
188 73
189 14
190 63
191 89
192 69
193 90
194 91
195 6
196 92
197 81
198 91
199 90
200 93
201 93
202 10
203 78
204 92
205 22
206 94
207 79
208 94
209 74
210 87
211 95
212 85
213 84
214 2
215 91
216 96
217 97
218 98
219 71
220 99
221 89
222 88
223 100
224 85
225 40
226 50
227 101
228 29
229 72
230 99
231 87
232 97
233 102
234 103
235 98
236 77
237 101
238 100
239 104
240 104
241 105
242 106
243 61
244 107
245 102
246 105
247 35
248 84
249 96
250 96
251 106
252 108
253 88
254 109
255 103
256 94
257 108
258 110
259 107
260 111
261 112
262 62
263 111
264 81
265 20
266 38
267 109
268 95
269 95
270 113
271 44
272 112
273 114
274 115
275 92
276 98
277 30
278 77
279 116
280 116
281 117
282 103
283 114
284 118
285 117
286 42
287 110
288 119
289 113
290 120
291 118
292 121
293 120
294 122
295 123
296 50
297 124
298 121
299 119
300 123
301 125
302 124
303 126
304 53
305 127
306 34
307 125
308 126
309 76
310 128
311 122
312 129
313 130
314 80
315 123
316 131
317 107
318 115
319 127
320 132
321 128
322 131
323 105
324 58
325 100
326 133
327 104
328 33
329 129
330 79
331 134
332 119
333 116
334 132
335 13
336 135
337 136
338 122
339 102
340 137
341 131
342 137
343 134
344 52
345 138
346 139
347 139
348 111
349 121
350 73
351 130
352 135
353 23
354 110
355 133
356 140
357 136
358 124
359 141
360 138
361 71
362 125
363 129
364 142
365 143
366 140
367 144
368 145
369 41
370 145
371 89
372 130
373 46
374 133
375 146
376 80
377 147
378 97
379 148
380 90
381 143
382 149
383 141
384 146
385 150
386 101
387 147
388 74
389 114
390 149
391 113
392 142
393 127
394 151
395 148
396 72
397 152
398 153
399 99
400 153
401 63
402 154
403 155
404 108
405 83
406 118
407 68
408 155
409 5
410 154
411 156
412 32
413 157
414 158
415 154
416 150
417 151
418 159
419 144
420 67
421 135
422 151
423 139
424 160
425 126
426 159
427 157
428 143
429 161
430 64
431 43
432 141
433 158
434 112
435 117
436 152
437 115
438 21
439 162
440 163
441 87
442 140
443 55
444 93
445 86
446 144
447 27
448 164
449 165
450 135
451 154
452 161
453 3
454 153
455 31
456 162
457 160
458 166
459 156
460 109
461 165
462 146
463 167
464 168
465 166
466 169
467 109
468 159
469 170
470 85
471 134
472 56
473 171
474 48
475 138
476 39
477 147
478 164
479 168
480 136
481 163
482 172
483 171
484 169
485 137
486 161
487 141
488 145
489 28
490 106
491 173
492 114
493 174
494 173
495 128
496 167
497 105
498 170
499 175
500 149
501 172
502 176
503 174
504 177
505 74
506 167
507 174
508 166
509 162
510 178
511 179
512 175
513 84
514 180
515 179
516 163
517 178
518 181
519 165
520 176
521 180
522 182
523 132
524 183
525 171
526 184
527 59
528 185
529 186
530 167
531 148
532 184
533 172
534 185
535 123
536 173
537 164
538 174
539 186
540 187
541 142
542 188
543 189
544 9
545 170
546 190
547 191
548 155
549 192
550 36
551 183
552 193
553 190
554 181
555 37
556 4
557 194
558 191
559 182
560 195
561 196
562 177
563 196
564 138
565 156
566 188
567 197
568 93
569 68
570 194
571 70
572 62
573 186
574 177
575 198
576 199
577 197
578 106
579 150
580 187
581 200
582 192
583 198
584 201
585 195
586 202
587 199
588 120
589 200
590 189
591 201
592 78
593 160
594 203
595 203
596 192
597 204
598 41
599 205
