600 57 71880 0.4 330 139
0 0
1 0
2 0
3 0
4 0
5 0
6 0
7 0
8 0
9 0
10 0
11 0
12 0
13 0
14 0
15 0
16 0
17 0
18 0
19 0
20 0
21 0
22 0
23 0
24 0
25 0
26 0
27 0
28 0
29 0
30 0
31 0
32 0
33 0
34 0
35 0
36 0
37 0
38 0
39 0
40 0
41 0
42 0
43 0
44 0
45 0
46 0
47 0
48 0
49 0
50 0
51 0
52 0
53 0
54 0
55 0
56 0
57 0
58 0
59 0
60 0
61 0
62 0
63 0
64 0
65 0
66 0
67 0
68 0
69 0
70 0
71 0
72 0
73 0
74 0
75 0
76 0
77 0
78 0
79 0
80 0
81 0
82 0
83 0
84 0
85 0
86 0
87 0
88 0
89 0
90 0
91 0
92 0
93 0
94 0
95 0
96 0
97 0
98 0
99 0
100 0
101 0
102 0
103 0
104 0
105 0
106 0
107 0
108 0
109 0
110 0
111 0
112 0
113 0
114 0
115 0
116 0
117 0
118 0
119 0
120 0
121 0
122 0
123 0
124 0
125 0
126 0
127 0
128 0
129 0
130 0
131 0
132 0
133 0
134 0
135 0
136 0
137 0
138 0
139 0
140 0
141 0
142 0
143 0
144 0
145 0
146 0
147 0
148 0
149 0
150 0
151 0
152 0
153 0
154 0
155 0
156 0
157 0
158 0
159 0
160 0
161 0
162 0
163 0
164 0
165 0
166 0
167 0
168 0
169 0
170 0
171 0
172 0
173 0
174 0
175 0
176 0
177 0
178 0
179 0
180 0
181 0
182 0
183 0
184 0
185 0
186 0
187 0
188 0
189 0
190 0
191 0
192 0
193 0
194 0
195 0
196 0
197 0
198 0
199 0
200 0
201 0
202 0
203 0
204 0
205 0
206 0
207 0
208 0
209 0
210 0
211 0
212 0
213 0
214 0
215 0
216 0
217 0
218 0
219 0
220 0
221 0
222 0
223 0
224 0
225 0
226 0
227 0
228 0
229 0
230 0
231 0
232 0
233 0
234 0
235 0
236 0
237 0
238 0
239 0
240 0
241 0
242 0
243 0
244 0
245 0
246 0
247 0
248 0
249 0
250 0
251 0
252 0
253 0
254 0
255 0
256 0
257 0
258 0
259 0
260 0
261 0
262 0
263 0
264 0
265 0
266 0
267 0
268 1
269 1
270 1
271 2
272 3
273 1
274 2
275 4
276 2
277 2
278 4
279 3
280 3
281 4
282 2
283 4
284 4
285 5
286 5
287 1
288 5
289 5
290 3
291 6
292 7
293 6
294 6
295 8
296 8
297 7
298 9
299 9
300 6
301 8
302 10
303 7
304 10
305 5
306 3
307 2
308 3
309 1
310 6
311 8
312 3
313 7
314 11
315 11
316 7
317 9
318 6
319 10
320 4
321 9
322 12
323 12
324 11
325 11
326 13
327 13
328 14
329 11
330 8
331 13
332 10
333 12
334 15
335 12
336 16
337 10
338 9
339 16
340 12
341 10
342 14
343 17
344 15
345 15
346 9
347 16
348 15
349 9
350 17
351 10
352 17
353 5
354 14
355 18
356 11
357 19
358 16
359 18
360 20
361 2
362 20
363 13
364 19
365 3
366 1
367 15
368 18
369 21
370 21
371 15
372 12
373 20
374 19
375 5
376 21
377 22
378 17
379 22
380 14
381 12
382 16
383 14
384 22
385 23
386 20
387 18
388 21
389 16
390 23
391 24
392 18
393 24
394 20
395 24
396 25
397 25
398 21
399 26
400 8
401 13
402 23
403 19
404 1
405 2
406 25
407 23
408 26
409 27
410 19
411 7
412 20
413 9
414 24
415 7
416 25
417 28
418 21
419 13
420 26
421 29
422 27
423 28
424 7
425 26
426 18
427 29
428 4
429 24
430 6
431 30
432 26
433 15
434 5
435 31
436 27
437 24
438 17
439 30
440 28
441 32
442 28
443 7
444 16
445 18
446 29
447 24
448 29
449 22
450 31
451 29
452 21
453 31
454 32
455 19
456 6
457 32
458 30
459 26
460 26
461 14
462 28
463 23
464 33
465 30
466 31
467 33
468 34
469 35
470 27
471 31
472 35
473 15
474 25
475 33
476 31
477 33
478 35
479 19
480 27
481 22
482 36
483 24
484 13
485 34
486 11
487 33
488 37
489 32
490 35
491 19
492 37
493 35
494 34
495 30
496 38
497 39
498 33
499 36
500 39
501 34
502 30
503 36
504 38
505 27
506 38
507 37
508 40
509 14
510 41
511 32
512 36
513 40
514 31
515 39
516 41
517 13
518 42
519 43
520 42
521 43
522 41
523 25
524 37
525 44
526 45
527 11
528 16
529 20
530 39
531 46
532 34
533 37
534 18
535 43
536 47
537 17
538 11
539 41
540 44
541 45
542 46
543 17
544 42
545 47
546 8
547 32
548 42
549 44
550 32
551 14
552 47
553 36
554 48
555 10
556 45
557 38
558 48
559 47
560 45
561 47
562 48
563 40
564 49
565 42
566 50
567 38
568 46
569 43
570 44
571 40
572 46
573 40
574 49
575 50
576 8
577 49
578 51
579 29
580 44
581 23
582 52
583 38
584 52
585 50
586 51
587 36
588 53
589 24
590 53
591 52
592 54
593 35
594 41
595 55
596 56
597 51
598 14
599 48
