600 219 161730 0.9 575 511
492 0
556 1
206 2
473 3
478 0
179 2
471 4
538 5
491 6
570 1
435 4
530 1
564 5
569 3
203 7
361 8
408 0
306 7
210 9
180 7
272 6
549 10
525 11
228 9
176 12
424 13
311 11
572 13
544 14
430 8
393 10
358 15
475 16
487 14
154 17
149 12
160 16
474 18
181 19
371 11
198 20
229 21
264 20
205 15
486 22
485 15
276 23
459 23
437 4
165 5
135 3
273 19
531 10
294 24
382 8
175 17
348 22
476 25
252 25
460 19
188 18
309 16
207 5
214 7
224 21
327 6
345 24
266 3
587 12
187 26
269 27
376 28
290 29
407 3
497 30
477 10
560 31
357 32
480 29
534 27
483 30
443 26
598 28
244 32
237 25
220 13
508 33
296 34
596 35
172 33
581 28
243 34
259 36
436 36
310 37
412 26
574 17
170 23
144 32
516 34
304 33
550 35
141 12
359 37
239 38
137 39
155 40
388 9
447 41
300 42
333 38
201 35
467 40
522 43
208 2
463 44
178 22
494 45
347 46
577 39
308 47
313 43
183 48
145 43
218 42
140 45
330 20
512 49
339 46
295 50
163 27
573 41
356 36
498 39
240 14
185 51
493 29
585 31
422 49
277 23
378 44
441 51
319 52
184 38
397 42
279 48
401 53
349 54
399 50
481 54
221 55
464 11
325 31
225 52
223 56
233 55
496 57
440 34
314 58
260 47
547 49
546 53
271 47
565 59
147 46
366 54
139 24
236 31
418 33
322 60
431 61
429 39
249 18
583 61
554 48
389 57
166 62
230 63
321 21
505 19
465 59
513 64
171 36
326 53
405 58
584 65
590 66
336 64
305 63
373 35
504 50
312 65
282 56
315 20
298 67
287 6
416 48
417 61
242 68
545 69
360 70
383 59
340 44
438 67
372 68
400 71
542 58
219 45
468 66
159 72
526 60
231 37
232 73
256 62
138 74
226 27
227 75
197 30
191 73
235 74
284 56
446 51
202 71
190 40
307 41
177 76
344 76
291 70
278 52
594 77
578 78
324 75
323 51
535 72
444 79
536 72
303 77
411 60
503 74
286 78
507 79
280 80
461 69
559 81
174 82
265 83
186 57
335 84
341 84
567 85
148 67
151 80
158 83
563 64
301 80
297 68
131 86
524 22
133 87
369 17
370 86
379 88
432 76
451 82
506 89
523 89
402 63
146 55
331 81
211 90
329 79
316 87
209 91
255 92
332 93
500 85
299 78
484 94
540 90
537 58
571 86
595 88
517 92
365 95
375 91
353 96
320 97
350 83
394 98
454 98
457 99
423 99
396 82
415 93
257 100
261 94
262 101
238 102
241 81
193 103
328 95
342 96
548 70
450 46
426 103
410 15
189 85
413 104
354 77
555 104
216 105
195 106
490 97
212 65
462 62
543 26
409 104
588 105
488 107
582 108
528 109
367 110
489 108
194 111
213 111
576 106
364 111
302 101
384 70
575 100
289 112
381 113
456 107
414 37
164 114
268 89
387 114
156 110
173 94
157 66
380 96
132 109
161 113
169 102
398 115
162 87
346 116
250 117
449 97
518 113
248 112
519 71
442 118
293 119
482 50
533 120
222 121
562 116
558 118
566 122
337 112
204 115
403 102
445 123
597 119
420 124
374 120
561 68
448 125
455 126
589 126
592 69
153 123
283 127
270 117
338 125
318 100
143 115
142 122
391 98
355 105
167 121
453 103
568 128
521 129
579 93
515 90
501 128
539 130
368 127
199 91
495 130
134 127
234 131
552 75
470 132
419 133
551 134
351 135
557 117
541 136
593 137
377 124
292 131
251 136
425 130
352 134
245 116
253 138
274 139
434 71
452 137
428 118
136 140
514 129
192 141
182 142
509 143
499 139
458 144
510 132
406 145
334 25
200 109
469 121
258 146
246 133
439 143
275 147
343 84
247 141
196 124
285 135
150 142
288 114
532 138
502 106
527 132
395 144
215 148
63 149
385 150
472 61
511 137
520 149
386 147
392 145
586 151
168 152
152 99
599 153
580 146
254 153
217 141
362 133
390 154
263 53
466 155
317 156
363 9
553 150
421 152
479 95
53 157
427 158
281 126
103 157
404 151
267 148
591 159
102 160
111 161
1 120
433 162
529 155
38 157
27 161
33 140
64 123
120 163
73 164
90 165
89 166
65 149
58 154
83 164
127 167
62 167
68 168
72 169
23 168
115 163
57 170
36 171
4 172
45 160
44 166
50 119
61 159
91 81
76 171
130 173
97 174
37 169
84 165
121 175
41 176
94 129
17 175
119 170
31 177
107 172
77 176
59 178
70 179
75 156
116 180
82 178
100 181
69 182
14 183
117 184
2 151
5 173
6 182
122 138
35 185
3 186
54 187
56 174
86 188
80 189
85 173
71 189
15 181
52 190
104 179
26 191
20 185
46 177
47 192
22 193
10 194
113 183
67 188
92 187
74 190
51 194
109 184
34 186
30 195
12 196
110 197
81 162
19 198
114 199
24 197
128 200
32 134
42 201
129 192
55 202
124 201
60 199
95 199
87 203
0 148
28 204
79 193
13 143
43 158
106 205
126 206
93 180
18 200
78 204
29 207
9 208
8 209
108 210
21 211
99 212
112 139
96 213
125 211
101 214
25 188
49 179
98 213
118 215
11 216
39 217
105 184
88 198
48 195
40 191
7 175
123 218
66 203
16 218
